[unbouncepages.com/lolarsfinesse/index.html]
[backblue.gif]
[fade.gif]
[index.html]
[d9hhrg4mnvzow.cloudfront.net/unbouncepages.com/lolarsfinesse/46234150-2730054181568_0000000jq08v000092001.png]
[d9hhrg4mnvzow.cloudfront.net/unbouncepages.com/lolarsfinesse/46234150-2730054181568_0go0mt0go0mg000006001.png]
[d9hhrg4mnvzow.cloudfront.net/unbouncepages.com/lolarsfinesse/46234150-2730054181568_0000000jq0qk000007001.png]
[builder-assets.unbounce.com/published-css/main-7b78720.z.css]
[d9hhrg4mnvzow.cloudfront.net/unbouncepages.com/lolarsfinesse/transparent.gif]
[d9hhrg4mnvzow.cloudfront.net/unbouncepages.com/lolarsfinesse/008abdf8-2730043031552_07o03c000000000000001.png]
[d9hhrg4mnvzow.cloudfront.net/unbouncepages.com/lolarsfinesse/26f51f4d-2730043826688_000000000000000000001.png]
[d9hhrg4mnvzow.cloudfront.net/unbouncepages.com/lolarsfinesse/dc286f51-2730044844160_000000000000000000001.png]
[d9hhrg4mnvzow.cloudfront.net/unbouncepages.com/lolarsfinesse/268a5f1f-2730047060864_000000000000000000001.png]
[d9hhrg4mnvzow.cloudfront.net/unbouncepages.com/lolarsfinesse/46234150-2730054181568_0000000jq0qs000002001.png]
[d9hhrg4mnvzow.cloudfront.net/unbouncepages.com/lolarsfinesse/517aa3f6-2730046030208_0000000jk0qk007000001.png]
[d9hhrg4mnvzow.cloudfront.net/unbouncepages.com/lolarsfinesse/723d332a-2730056809408_000000000000000000001.png]
[d9hhrg4mnvzow.cloudfront.net/unbouncepages.com/lolarsfinesse/6b0c4751-2730052852160_0000000eo0j500n000001.png]
[d9hhrg4mnvzow.cloudfront.net/unbouncepages.com/lolarsfinesse/66c1c0f9-2730048558848_0000000ia0rk00s000001.png]
[d9hhrg4mnvzow.cloudfront.net/unbouncepages.com/lolarsfinesse/0d1c9c4b-2730055493568_000000000000000000001.png]
[d9hhrg4mnvzow.cloudfront.net/unbouncepages.com/lolarsfinesse/aad5486a-instagram-logos-png-images-free-download-2_030030000000000000001.png]
[unbouncepages.com/lolarsfinesse/index.html]
[builder-assets.unbounce.com/published-css/main-7b78720.z.css]
[builder-assets.unbounce.com/published-js/main.bundle-81f56cf.z.js]
[unbouncepages.com/lolarsfinesse/clkn/https/www.instagram.com/lolarsfinesse/index.html]
[builder-assets.unbounce.com/images/transparent.gif]
